[19:18:50] [main/INFO]: Loading Minecraft 1.21.1 with Fabric Loader 0.18.2
[19:18:50] [main/INFO]: Loading 4 mods:
	- fabricloader 0.18.2
	   \-- mixinextras 0.5.0
	- java 21
	- minecraft 1.21.1
[19:18:50] [main/INFO]: SpongePowered MIXIN Subsystem Version=0.8.7 Source=file:/workspaces/Pokeverse/servidor_minecraft/libraries/net/fabricmc/sponge-mixin/0.16.5+mixin.0.8.7/sponge-mixin-0.16.5+mixin.0.8.7.jar Service=Knot/Fabric Env=SERVER
[19:18:55] [main/INFO]: Environment: Environment[sessionHost=https://sessionserver.mojang.com, servicesHost=https://api.minecraftservices.com, name=PROD]
[19:18:56] [main/INFO]: No existing world data, creating new world
[19:18:57] [main/INFO]: Loaded 1290 recipes
[19:18:57] [main/INFO]: Loaded 1399 advancements
[19:18:57] [Server thread/INFO]: Starting minecraft server version 1.21.1
[19:18:57] [Server thread/INFO]: Loading properties
[19:18:57] [Server thread/INFO]: Default game type: SURVIVAL
[19:18:57] [Server thread/INFO]: Generating keypair
[19:18:57] [Server thread/INFO]: Starting Minecraft server on *:25565
[19:18:58] [Server thread/INFO]: Using epoll channel type
[19:18:58] [Server thread/WARN]: **** SERVER IS RUNNING IN OFFLINE/INSECURE MODE!
[19:18:58] [Server thread/WARN]: The server will make no attempt to authenticate usernames. Beware.
[19:18:58] [Server thread/WARN]: While this makes the game possible to play without internet access, it also opens up the ability for hackers to connect with any username they choose.
[19:18:58] [Server thread/WARN]: To change this, set "online-mode" to "true" in the server.properties file.
[19:18:58] [Server thread/INFO]: Preparing level "world"
[19:19:03] [Server thread/INFO]: Preparing start region for dimension minecraft:overworld
[19:19:03] [Worker-Main-2/INFO]: Preparing spawn area: 2%
[19:19:03] [Worker-Main-2/INFO]: Preparing spawn area: 2%
[19:19:04] [Worker-Main-3/INFO]: Preparing spawn area: 2%
[19:19:04] [Worker-Main-3/INFO]: Preparing spawn area: 2%
[19:19:05] [Worker-Main-3/INFO]: Preparing spawn area: 18%
[19:19:05] [Worker-Main-2/INFO]: Preparing spawn area: 18%
[19:19:06] [Worker-Main-3/INFO]: Preparing spawn area: 18%
[19:19:06] [Worker-Main-2/INFO]: Preparing spawn area: 51%
[19:19:07] [Worker-Main-3/INFO]: Preparing spawn area: 51%
[19:19:07] [Worker-Main-3/INFO]: Preparing spawn area: 51%
[19:19:08] [Worker-Main-1/INFO]: Preparing spawn area: 73%
[19:19:08] [Server thread/INFO]: Time elapsed: 5116 ms
[19:19:08] [Server thread/INFO]: Done (10.339s)! For help, type "help"
[19:21:08] [Server thread/INFO]: Stopping the server
[19:21:08] [Server thread/INFO]: Stopping server
[19:21:08] [Server thread/INFO]: Saving players
[19:21:08] [Server thread/INFO]: Saving worlds
[19:21:08] [Server thread/INFO]: Saving chunks for level 'ServerLevel[world]'/minecraft:overworld
[19:21:10] [Server thread/INFO]: Saving chunks for level 'ServerLevel[world]'/minecraft:the_nether
[19:21:10] [Server thread/INFO]: Saving chunks for level 'ServerLevel[world]'/minecraft:the_end
[19:21:10] [Server thread/INFO]: ThreadedAnvilChunkStorage (world): All chunks are saved
[19:21:10] [Server thread/INFO]: ThreadedAnvilChunkStorage (DIM-1): All chunks are saved
[19:21:10] [Server thread/INFO]: ThreadedAnvilChunkStorage (DIM1): All chunks are saved
[19:21:10] [Server thread/INFO]: ThreadedAnvilChunkStorage: All dimensions are saved
